Arguments: 
  /home/bufulin/.nvm/versions/node/v16.15.0/bin/node /home/bufulin/.nvm/versions/node/v16.15.0/bin/yarn

PATH: 
  /home/bufulin/.nvm/versions/node/v16.15.0/bin:/home/bufulin/.gvm/pkgsets/go1.18.5/global/bin:/home/bufulin/.gvm/gos/go1.18.5/bin:/home/bufulin/.gvm/pkgsets/go1.18.5/global/overlay/bin:/home/bufulin/.gvm/bin:/home/bufulin/.gvm/bin:/home/bufulin/.local/bin:/home/bufulin/Downloads/google-cloud-sdk/bin:/home/bufulin/.gvm/pkgsets/go1.18.5/global/bin:/home/bufulin/.gvm/gos/go1.18.5/bin:/home/bufulin/.gvm/pkgsets/go1.18.5/global/overlay/bin:/home/bufulin/.gvm/bin:/home/bufulin/.gvm/bin:/home/bufulin/.cargo/bin:/home/bufulin/.local/bin:/usr/local/sbin:/usr/local/bin:/usr/sbin:/usr/bin:/sbin:/bin:/usr/games:/usr/local/games:/snap/bin:/usr/lib/jvm/java-17-oracle/bin:/usr/lib/jvm/java-17-oracle/db/bin:/usr/lib/jvm/java-17-oracle/bin:/usr/lib/jvm/java-17-oracle/db/bin

Yarn version: 
  1.22.19

Node version: 
  16.15.0

Platform: 
  linux x64

Trace: 
  Error: https://registry.yarnpkg.com/yarn%20-plugin-prettier: Not found
      at Request.params.callback [as _callback] (/home/bufulin/.nvm/versions/node/v16.15.0/lib/node_modules/yarn/lib/cli.js:66145:18)
      at Request.self.callback (/home/bufulin/.nvm/versions/node/v16.15.0/lib/node_modules/yarn/lib/cli.js:140890:22)
      at Request.emit (node:events:527:28)
      at Request.<anonymous> (/home/bufulin/.nvm/versions/node/v16.15.0/lib/node_modules/yarn/lib/cli.js:141862:10)
      at Request.emit (node:events:527:28)
      at IncomingMessage.<anonymous> (/home/bufulin/.nvm/versions/node/v16.15.0/lib/node_modules/yarn/lib/cli.js:141784:12)
      at Object.onceWrapper (node:events:641:28)
      at IncomingMessage.emit (node:events:539:35)
      at endReadableNT (node:internal/streams/readable:1345:12)
      at processTicksAndRejections (node:internal/process/task_queues:83:21)

npm manifest: 
  {
    "name": "web3-smart-contracts",
    "license": "MIT",
    "scripts": {
      "prettier": "prettier --write 'contracts/**/*.sol'",
      "lint": "solhint --fix contracts/**/*.sol",
      "lint:ts": "eslint",
      "prettier:solidity": "./node_modules/.bin/prettier --write contracts/**/*.sol"
    },
    "husky": {
      "hooks": {
        "pre-push": "yarn prettier"
      }
    },
    "engines": {
      "node": ">=16.0.0"
    },
    "devDependencies": {
      "@ethersproject/abi": "^5.7.0",
      "@ethersproject/providers": "^5.7.0",
      "@nomicfoundation/hardhat-chai-matchers": "^1.0.3",
      "@nomicfoundation/hardhat-network-helpers": "^1.0.4",
      "@nomicfoundation/hardhat-toolbox": "^1.0.2",
      "@nomiclabs/hardhat-ethers": "^2.1.1",
      "@nomiclabs/hardhat-etherscan": "^3.1.0",
      "@openzeppelin/contracts": "^4.7.2",
      "@typechain/ethers-v5": "^10.1.0",
      "@typechain/hardhat": "^6.1.2",
      "@types/chai": "^4.2.22",
      "@types/chai-as-promised": "^7.1.5",
      "@types/mocha": "^9.0.0",
      "@types/node": "^16.11.7",
      "@typescript-eslint/eslint-plugin": "^5.46.0",
      "@typescript-eslint/parser": "^5.46.0",
      "add": "^2.0.6",
      "chai": "^4.3.6",
      "dotenv": "^10.0.0",
      "eslint": "^8.29.0",
      "eslint-config-airbnb-base": "^15.0.0",
      "eslint-config-prettier": "^8.3.0",
      "eslint-config-standard": "^16.0.3",
      "eslint-plugin-import": "^2.26.0",
      "eslint-plugin-node": "^11.1.0",
      "eslint-plugin-prettier": "^3.4.1",
      "eslint-plugin-promise": "^5.1.1",
      "ethers": "^5.7.0",
      "hardhat": "^2.10.2",
      "hardhat-gas-reporter": "^2.2.0",
      "husky": "^8.0.1",
      "prettier": "^2.7.1",
      "prettier-plugin-solidity": "^1.0.0-beta.24",
      "solhint": "^3.3.6",
      "yarn -plugin-prettier": "^0.0.5",
      "solidity-coverage": "^0.7.21",
      "ts-node": "^10.4.0",
      "typechain": "^8.1.0",
      "typescript": "^4.4.4",
      "yarn": "^1.22.19"
    },
    "dependencies": {
      "chai-as-promised": "^7.1.1",
      "csv-parse": "^5.3.2"
    }
  }

yarn manifest: 
  No manifest

Lockfile: 
  No lockfile
